<?xml version="1.0" encoding="UTF-8"?>
<testng-results ignored="0" total="1" passed="1" failed="0" skipped="0">
  <reporter-output>
  </reporter-output>
  <suite started-at="2024-06-13T23:31:53 IST" name="Default suite" finished-at="2024-06-13T23:31:58 IST" duration-ms="4680">
    <groups>
    </groups>
    <test started-at="2024-06-13T23:31:53 IST" name="Default test" finished-at="2024-06-13T23:31:58 IST" duration-ms="4680">
      <class name="com.webecomproject.qa.testcases.Login">
        <test-method signature="verifyLoginWithValidCredential()[pri:0, instance:com.webecomproject.qa.testcases.Login@558bdf1f]" started-at="2024-06-13T23:31:53 IST" name="verifyLoginWithValidCredential" finished-at="2024-06-13T23:31:58 IST" duration-ms="4529" status="PASS">
          <reporter-output>
          </reporter-output>
        </test-method> <!-- verifyLoginWithValidCredential -->
      </class> <!-- com.webecomproject.qa.testcases.Login -->
    </test> <!-- Default test -->
  </suite> <!-- Default suite -->
</testng-results>
